2024-09-03T00:38:39.965+05:30  INFO 6540 --- [kitchensink_migrated] [lettuce-eventExecutorLoop-1-1] i.l.core.protocol.ConnectionWatchdog     : Reconnecting, last destination was localhost/127.0.0.1:6379
2024-09-03T00:38:41.147+05:30  WARN 6540 --- [kitchensink_migrated] [lettuce-nioEventLoop-4-2] i.l.core.protocol.ConnectionWatchdog     : Cannot reconnect to [localhost/<unresolved>:6379]: Connection refused: getsockopt: localhost/127.0.0.1:6379
2024-09-03T00:38:46.061+05:30  INFO 6540 --- [kitchensink_migrated] [lettuce-eventExecutorLoop-1-4] i.l.core.protocol.ConnectionWatchdog     : Reconnecting, last destination was localhost/<unresolved>:6379
2024-09-03T00:38:46.071+05:30  WARN 6540 --- [kitchensink_migrated] [lettuce-nioEventLoop-4-5] i.l.core.protocol.ConnectionWatchdog     : Cannot reconnect to [localhost/<unresolved>:6379]: Connection refused: getsockopt: localhost/127.0.0.1:6379
2024-09-03T00:38:58.457+05:30  INFO 6540 --- [kitchensink_migrated] [lettuce-eventExecutorLoop-1-6] i.l.core.protocol.ConnectionWatchdog     : Reconnecting, last destination was localhost/<unresolved>:6379
2024-09-03T00:38:58.478+05:30  WARN 6540 --- [kitchensink_migrated] [lettuce-nioEventLoop-4-7] i.l.core.protocol.ConnectionWatchdog     : Cannot reconnect to [localhost/<unresolved>:6379]: Connection refused: getsockopt: localhost/127.0.0.1:6379
2024-09-03T00:39:14.964+05:30  INFO 6540 --- [kitchensink_migrated] [lettuce-eventExecutorLoop-1-7] i.l.core.protocol.ConnectionWatchdog     : Reconnecting, last destination was localhost/<unresolved>:6379
2024-09-03T00:39:14.969+05:30  WARN 6540 --- [kitchensink_migrated] [lettuce-nioEventLoop-4-8] i.l.core.protocol.ConnectionWatchdog     : Cannot reconnect to [localhost/<unresolved>:6379]: Connection refused: getsockopt: localhost/127.0.0.1:6379
2024-09-03T00:39:45.061+05:30  INFO 6540 --- [kitchensink_migrated] [lettuce-eventExecutorLoop-1-3] i.l.core.protocol.ConnectionWatchdog     : Reconnecting, last destination was localhost/<unresolved>:6379
2024-09-03T00:39:45.091+05:30  WARN 6540 --- [kitchensink_migrated] [lettuce-nioEventLoop-4-1] i.l.core.protocol.ConnectionWatchdog     : Cannot reconnect to [localhost/<unresolved>:6379]: Connection refused: getsockopt: localhost/127.0.0.1:6379
2024-09-03T00:40:15.164+05:30  INFO 6540 --- [kitchensink_migrated] [lettuce-eventExecutorLoop-1-8] i.l.core.protocol.ConnectionWatchdog     : Reconnecting, last destination was localhost/<unresolved>:6379
2024-09-03T00:40:15.180+05:30  WARN 6540 --- [kitchensink_migrated] [lettuce-nioEventLoop-4-2] i.l.core.protocol.ConnectionWatchdog     : Cannot reconnect to [localhost/<unresolved>:6379]: Connection refused: getsockopt: localhost/127.0.0.1:6379
2024-09-03T00:40:45.262+05:30  INFO 6540 --- [kitchensink_migrated] [lettuce-eventExecutorLoop-1-2] i.l.core.protocol.ConnectionWatchdog     : Reconnecting, last destination was localhost/<unresolved>:6379
2024-09-03T00:40:45.293+05:30  WARN 6540 --- [kitchensink_migrated] [lettuce-nioEventLoop-4-3] i.l.core.protocol.ConnectionWatchdog     : Cannot reconnect to [localhost/<unresolved>:6379]: Connection refused: getsockopt: localhost/127.0.0.1:6379
2024-09-03T00:41:15.532+05:30  INFO 6540 --- [kitchensink_migrated] [lettuce-eventExecutorLoop-1-4] i.l.core.protocol.ConnectionWatchdog     : Reconnecting, last destination was localhost/<unresolved>:6379
2024-09-03T00:41:15.609+05:30  WARN 6540 --- [kitchensink_migrated] [lettuce-nioEventLoop-4-4] i.l.core.protocol.ConnectionWatchdog     : Cannot reconnect to [localhost/<unresolved>:6379]: Connection refused: getsockopt: localhost/127.0.0.1:6379
2024-09-03T00:41:45.873+05:30  INFO 6540 --- [kitchensink_migrated] [lettuce-eventExecutorLoop-1-6] i.l.core.protocol.ConnectionWatchdog     : Reconnecting, last destination was localhost/<unresolved>:6379
2024-09-03T00:41:46.483+05:30  WARN 6540 --- [kitchensink_migrated] [lettuce-nioEventLoop-4-5] i.l.core.protocol.ConnectionWatchdog     : Cannot reconnect to [localhost/<unresolved>:6379]: Connection refused: getsockopt: localhost/127.0.0.1:6379
2024-09-03T00:42:16.560+05:30  INFO 6540 --- [kitchensink_migrated] [lettuce-eventExecutorLoop-1-8] i.l.core.protocol.ConnectionWatchdog     : Reconnecting, last destination was localhost/<unresolved>:6379
2024-09-03T00:42:16.575+05:30  WARN 6540 --- [kitchensink_migrated] [lettuce-nioEventLoop-4-6] i.l.core.protocol.ConnectionWatchdog     : Cannot reconnect to [localhost/<unresolved>:6379]: Connection refused: getsockopt: localhost/127.0.0.1:6379
2024-09-03T00:42:46.662+05:30  INFO 6540 --- [kitchensink_migrated] [lettuce-eventExecutorLoop-1-2] i.l.core.protocol.ConnectionWatchdog     : Reconnecting, last destination was localhost/<unresolved>:6379
2024-09-03T00:42:46.685+05:30  WARN 6540 --- [kitchensink_migrated] [lettuce-nioEventLoop-4-7] i.l.core.protocol.ConnectionWatchdog     : Cannot reconnect to [localhost/<unresolved>:6379]: Connection refused: getsockopt: localhost/127.0.0.1:6379
2024-09-03T00:43:16.769+05:30  INFO 6540 --- [kitchensink_migrated] [lettuce-eventExecutorLoop-1-4] i.l.core.protocol.ConnectionWatchdog     : Reconnecting, last destination was localhost/<unresolved>:6379
2024-09-03T00:43:16.861+05:30  WARN 6540 --- [kitchensink_migrated] [lettuce-nioEventLoop-4-8] i.l.core.protocol.ConnectionWatchdog     : Cannot reconnect to [localhost/<unresolved>:6379]: Connection refused: getsockopt: localhost/127.0.0.1:6379
2024-09-03T00:43:47.195+05:30  INFO 6540 --- [kitchensink_migrated] [lettuce-eventExecutorLoop-1-6] i.l.core.protocol.ConnectionWatchdog     : Reconnecting, last destination was localhost/<unresolved>:6379
2024-09-03T00:43:49.142+05:30  WARN 6540 --- [kitchensink_migrated] [lettuce-nioEventLoop-4-1] i.l.core.protocol.ConnectionWatchdog     : Cannot reconnect to [localhost/<unresolved>:6379]: Connection refused: getsockopt: localhost/127.0.0.1:6379
2024-09-03T00:44:19.677+05:30  INFO 6540 --- [kitchensink_migrated] [lettuce-eventExecutorLoop-1-8] i.l.core.protocol.ConnectionWatchdog     : Reconnecting, last destination was localhost/<unresolved>:6379
2024-09-03T00:44:23.076+05:30  WARN 6540 --- [kitchensink_migrated] [lettuce-nioEventLoop-4-2] i.l.core.protocol.ConnectionWatchdog     : Cannot reconnect to [localhost/<unresolved>:6379]: Connection refused: getsockopt: localhost/127.0.0.1:6379
2024-09-03T00:44:53.501+05:30  INFO 6540 --- [kitchensink_migrated] [lettuce-eventExecutorLoop-1-2] i.l.core.protocol.ConnectionWatchdog     : Reconnecting, last destination was localhost/<unresolved>:6379
2024-09-03T00:44:54.098+05:30  WARN 6540 --- [kitchensink_migrated] [lettuce-nioEventLoop-4-3] i.l.core.protocol.ConnectionWatchdog     : Cannot reconnect to [localhost/<unresolved>:6379]: Connection refused: getsockopt: localhost/127.0.0.1:6379
2024-09-03T00:45:24.364+05:30  INFO 6540 --- [kitchensink_migrated] [lettuce-eventExecutorLoop-1-4] i.l.core.protocol.ConnectionWatchdog     : Reconnecting, last destination was localhost/<unresolved>:6379
2024-09-03T00:45:25.120+05:30  WARN 6540 --- [kitchensink_migrated] [lettuce-nioEventLoop-4-4] i.l.core.protocol.ConnectionWatchdog     : Cannot reconnect to [localhost/<unresolved>:6379]: Connection refused: getsockopt: localhost/127.0.0.1:6379
2024-09-03T00:45:55.559+05:30  INFO 6540 --- [kitchensink_migrated] [lettuce-eventExecutorLoop-1-6] i.l.core.protocol.ConnectionWatchdog     : Reconnecting, last destination was localhost/<unresolved>:6379
2024-09-03T00:45:55.578+05:30  WARN 6540 --- [kitchensink_migrated] [lettuce-nioEventLoop-4-5] i.l.core.protocol.ConnectionWatchdog     : Cannot reconnect to [localhost/<unresolved>:6379]: Connection refused: getsockopt: localhost/127.0.0.1:6379
2024-09-03T00:46:25.660+05:30  INFO 6540 --- [kitchensink_migrated] [lettuce-eventExecutorLoop-1-8] i.l.core.protocol.ConnectionWatchdog     : Reconnecting, last destination was localhost/<unresolved>:6379
2024-09-03T00:46:25.729+05:30  WARN 6540 --- [kitchensink_migrated] [lettuce-nioEventLoop-4-6] i.l.core.protocol.ConnectionWatchdog     : Cannot reconnect to [localhost/<unresolved>:6379]: Connection refused: getsockopt: localhost/127.0.0.1:6379
2024-09-03T00:46:55.765+05:30  INFO 6540 --- [kitchensink_migrated] [lettuce-eventExecutorLoop-1-2] i.l.core.protocol.ConnectionWatchdog     : Reconnecting, last destination was localhost/<unresolved>:6379
2024-09-03T00:46:55.793+05:30  WARN 6540 --- [kitchensink_migrated] [lettuce-nioEventLoop-4-7] i.l.core.protocol.ConnectionWatchdog     : Cannot reconnect to [localhost/<unresolved>:6379]: Connection refused: getsockopt: localhost/127.0.0.1:6379
2024-09-03T00:47:25.867+05:30  INFO 6540 --- [kitchensink_migrated] [lettuce-eventExecutorLoop-1-4] i.l.core.protocol.ConnectionWatchdog     : Reconnecting, last destination was localhost/<unresolved>:6379
2024-09-03T00:47:25.893+05:30  WARN 6540 --- [kitchensink_migrated] [lettuce-nioEventLoop-4-8] i.l.core.protocol.ConnectionWatchdog     : Cannot reconnect to [localhost/<unresolved>:6379]: Connection refused: getsockopt: localhost/127.0.0.1:6379
2024-09-03T00:47:55.958+05:30  INFO 6540 --- [kitchensink_migrated] [lettuce-eventExecutorLoop-1-6] i.l.core.protocol.ConnectionWatchdog     : Reconnecting, last destination was localhost/<unresolved>:6379
2024-09-03T00:47:59.028+05:30  WARN 6540 --- [kitchensink_migrated] [lettuce-nioEventLoop-4-1] i.l.core.protocol.ConnectionWatchdog     : Cannot reconnect to [localhost/<unresolved>:6379]: Connection refused: getsockopt: localhost/127.0.0.1:6379
2024-09-03T00:48:29.067+05:30  INFO 6540 --- [kitchensink_migrated] [lettuce-eventExecutorLoop-1-8] i.l.core.protocol.ConnectionWatchdog     : Reconnecting, last destination was localhost/<unresolved>:6379
2024-09-03T00:48:29.073+05:30  WARN 6540 --- [kitchensink_migrated] [lettuce-nioEventLoop-4-2] i.l.core.protocol.ConnectionWatchdog     : Cannot reconnect to [localhost/<unresolved>:6379]: Connection refused: getsockopt: localhost/127.0.0.1:6379
2024-09-03T00:48:59.158+05:30  INFO 6540 --- [kitchensink_migrated] [lettuce-eventExecutorLoop-1-2] i.l.core.protocol.ConnectionWatchdog     : Reconnecting, last destination was localhost/<unresolved>:6379
2024-09-03T00:48:59.186+05:30  WARN 6540 --- [kitchensink_migrated] [lettuce-nioEventLoop-4-3] i.l.core.protocol.ConnectionWatchdog     : Cannot reconnect to [localhost/<unresolved>:6379]: Connection refused: getsockopt: localhost/127.0.0.1:6379
2024-09-03T00:49:29.284+05:30  INFO 6540 --- [kitchensink_migrated] [lettuce-eventExecutorLoop-1-4] i.l.core.protocol.ConnectionWatchdog     : Reconnecting, last destination was localhost/<unresolved>:6379
2024-09-03T00:49:32.753+05:30  INFO 6540 --- [kitchensink_migrated] [lettuce-nioEventLoop-4-4] i.l.core.protocol.ReconnectionHandler    : Reconnected to localhost/<unresolved>:6379
2024-09-03T01:13:30.476+05:30  WARN 6540 --- [kitchensink_migrated] [http-nio-8081-exec-2] c.m.k.security.JwtRequestFilter          : JWT Token does not begin with Bearer String
2024-09-03T01:13:30.621+05:30  INFO 6540 --- [kitchensink_migrated] [http-nio-8081-exec-2] c.m.k.controller.LoginController         : Accessing login page
2024-09-03T01:13:31.406+05:30  WARN 6540 --- [kitchensink_migrated] [http-nio-8081-exec-9] c.m.k.security.JwtRequestFilter          : JWT Token does not begin with Bearer String
2024-09-03T01:14:58.511+05:30  WARN 6540 --- [kitchensink_migrated] [http-nio-8081-exec-10] c.m.k.security.JwtRequestFilter          : JWT Token does not begin with Bearer String
2024-09-03T01:14:58.521+05:30  INFO 6540 --- [kitchensink_migrated] [http-nio-8081-exec-10] c.m.k.controller.LoginController         : Accessing login page
2024-09-03T01:28:13.974+05:30  WARN 6540 --- [kitchensink_migrated] [http-nio-8081-exec-4] c.m.k.security.JwtRequestFilter          : JWT Token does not begin with Bearer String
2024-09-03T01:28:13.999+05:30  INFO 6540 --- [kitchensink_migrated] [http-nio-8081-exec-4] c.m.k.controller.LoginController         : Accessing login page
2024-09-03T01:41:14.686+05:30  WARN 6540 --- [kitchensink_migrated] [http-nio-8081-exec-9] c.m.k.security.JwtRequestFilter          : JWT Token does not begin with Bearer String
2024-09-03T01:41:14.749+05:30  INFO 6540 --- [kitchensink_migrated] [http-nio-8081-exec-9] c.m.k.controller.LoginController         : Accessing login page
2024-09-03T01:45:00.836+05:30  WARN 6540 --- [kitchensink_migrated] [http-nio-8081-exec-10] c.m.k.security.JwtRequestFilter          : JWT Token does not begin with Bearer String
2024-09-03T01:45:00.905+05:30  INFO 6540 --- [kitchensink_migrated] [http-nio-8081-exec-10] c.m.k.controller.LoginController         : Accessing login page
2024-09-03T01:45:14.970+05:30  WARN 6540 --- [kitchensink_migrated] [http-nio-8081-exec-6] c.m.k.security.JwtRequestFilter          : JWT Token does not begin with Bearer String
2024-09-03T01:45:18.360+05:30  WARN 6540 --- [kitchensink_migrated] [http-nio-8081-exec-5] c.m.k.security.JwtRequestFilter          : JWT Token does not begin with Bearer String
2024-09-03T01:48:12.213+05:30  WARN 6540 --- [kitchensink_migrated] [http-nio-8081-exec-7] c.m.k.security.JwtRequestFilter          : JWT Token does not begin with Bearer String
2024-09-03T01:48:12.312+05:30  INFO 6540 --- [kitchensink_migrated] [http-nio-8081-exec-7] c.m.k.controller.LoginController         : Accessing login page
2024-09-03T01:48:12.600+05:30  WARN 6540 --- [kitchensink_migrated] [http-nio-8081-exec-2] c.m.k.security.JwtRequestFilter          : JWT Token does not begin with Bearer String
2024-09-03T01:50:44.290+05:30  WARN 6540 --- [kitchensink_migrated] [http-nio-8081-exec-10] c.m.k.security.JwtRequestFilter          : JWT Token does not begin with Bearer String
2024-09-03T01:50:44.935+05:30  WARN 6540 --- [kitchensink_migrated] [http-nio-8081-exec-1] c.m.k.security.JwtRequestFilter          : JWT Token does not begin with Bearer String
2024-09-03T01:51:04.456+05:30  WARN 6540 --- [kitchensink_migrated] [http-nio-8081-exec-5] c.m.k.security.JwtRequestFilter          : JWT Token does not begin with Bearer String
2024-09-03T01:51:04.459+05:30  INFO 6540 --- [kitchensink_migrated] [http-nio-8081-exec-5] c.m.k.controller.LoginController         : Accessing login page
2024-09-03T01:51:04.722+05:30  WARN 6540 --- [kitchensink_migrated] [http-nio-8081-exec-4] c.m.k.security.JwtRequestFilter          : JWT Token does not begin with Bearer String
2024-09-03T01:51:07.488+05:30  INFO 6540 --- [kitchensink_migrated] [http-nio-8081-exec-7] c.m.k.service.JwtUserDetailsService      : Attempting to load user by username: ukaaaa
2024-09-03T01:51:07.866+05:30  INFO 6540 --- [kitchensink_migrated] [http-nio-8081-exec-7] c.m.k.service.JwtUserDetailsService      : User found with username: ukaaaa
2024-09-03T01:51:07.921+05:30  INFO 6540 --- [kitchensink_migrated] [http-nio-8081-exec-7] c.m.k.c.AuthenticationController         : Authentication request received for username: ukaaaa
2024-09-03T01:51:07.923+05:30  INFO 6540 --- [kitchensink_migrated] [http-nio-8081-exec-7] c.m.k.service.JwtUserDetailsService      : Attempting to load user by username: ukaaaa
2024-09-03T01:51:07.929+05:30  INFO 6540 --- [kitchensink_migrated] [http-nio-8081-exec-7] c.m.k.service.JwtUserDetailsService      : User found with username: ukaaaa
2024-09-03T01:51:08.192+05:30  INFO 6540 --- [kitchensink_migrated] [http-nio-8081-exec-7] c.m.k.service.JwtUserDetailsService      : Attempting to load user by username: ukaaaa
2024-09-03T01:51:08.196+05:30  INFO 6540 --- [kitchensink_migrated] [http-nio-8081-exec-7] c.m.k.service.JwtUserDetailsService      : User found with username: ukaaaa
2024-09-03T01:51:08.204+05:30  INFO 6540 --- [kitchensink_migrated] [http-nio-8081-exec-7] c.m.k.c.AuthenticationController         : Authentication successful for username: ukaaaa
2024-09-03T01:51:08.252+05:30  WARN 6540 --- [kitchensink_migrated] [http-nio-8081-exec-2] c.m.k.security.JwtRequestFilter          : JWT Token does not begin with Bearer String
2024-09-03T01:51:08.255+05:30  INFO 6540 --- [kitchensink_migrated] [http-nio-8081-exec-2] c.m.k.controller.LoginController         : Accessing user list page
2024-09-03T01:51:08.422+05:30  INFO 6540 --- [kitchensink_migrated] [http-nio-8081-exec-9] c.m.k.service.JwtUserDetailsService      : Attempting to load user by username: ukaaaa
2024-09-03T01:51:08.428+05:30  INFO 6540 --- [kitchensink_migrated] [http-nio-8081-exec-9] c.m.k.service.JwtUserDetailsService      : User found with username: ukaaaa
2024-09-03T01:51:08.438+05:30  INFO 6540 --- [kitchensink_migrated] [http-nio-8081-exec-9] c.m.k.controller.MemberController        : Fetching all members
2024-09-03T01:51:08.438+05:30  INFO 6540 --- [kitchensink_migrated] [http-nio-8081-exec-9] c.m.k.service.MemberService              : Fetching all members
2024-09-03T01:51:08.449+05:30  WARN 6540 --- [kitchensink_migrated] [http-nio-8081-exec-8] c.m.k.security.JwtRequestFilter          : JWT Token does not begin with Bearer String
2024-09-03T01:51:08.497+05:30  INFO 6540 --- [kitchensink_migrated] [http-nio-8081-exec-9] c.m.k.controller.MemberController        : Number of members found: 5
2024-09-03T02:03:03.922+05:30  WARN 6540 --- [kitchensink_migrated] [http-nio-8081-exec-6] c.m.k.security.JwtRequestFilter          : JWT Token does not begin with Bearer String
2024-09-03T02:03:04.543+05:30  WARN 6540 --- [kitchensink_migrated] [http-nio-8081-exec-5] c.m.k.security.JwtRequestFilter          : JWT Token does not begin with Bearer String
2024-09-03T02:03:59.001+05:30  WARN 6540 --- [kitchensink_migrated] [http-nio-8081-exec-7] c.m.k.security.JwtRequestFilter          : JWT Token does not begin with Bearer String
2024-09-03T02:03:59.010+05:30  INFO 6540 --- [kitchensink_migrated] [http-nio-8081-exec-7] c.m.k.controller.LoginController         : Accessing login page
2024-09-03T02:08:03.903+05:30  WARN 6540 --- [kitchensink_migrated] [http-nio-8081-exec-8] c.m.k.security.JwtRequestFilter          : JWT Token does not begin with Bearer String
2024-09-03T02:08:04.267+05:30  WARN 6540 --- [kitchensink_migrated] [http-nio-8081-exec-9] c.m.k.security.JwtRequestFilter          : JWT Token does not begin with Bearer String
2024-09-03T02:24:11.107+05:30  WARN 6540 --- [kitchensink_migrated] [http-nio-8081-exec-3] c.m.k.security.JwtRequestFilter          : JWT Token does not begin with Bearer String
2024-09-03T02:24:25.679+05:30  WARN 6540 --- [kitchensink_migrated] [http-nio-8081-exec-6] c.m.k.security.JwtRequestFilter          : JWT Token does not begin with Bearer String
2024-09-03T02:24:27.525+05:30  WARN 6540 --- [kitchensink_migrated] [http-nio-8081-exec-5] c.m.k.security.JwtRequestFilter          : JWT Token does not begin with Bearer String
2024-09-03T02:24:40.244+05:30  WARN 6540 --- [kitchensink_migrated] [http-nio-8081-exec-2] c.m.k.security.JwtRequestFilter          : JWT Token does not begin with Bearer String
2024-09-03T02:24:40.672+05:30  WARN 6540 --- [kitchensink_migrated] [http-nio-8081-exec-8] c.m.k.security.JwtRequestFilter          : JWT Token does not begin with Bearer String
2024-09-03T02:24:55.666+05:30  WARN 6540 --- [kitchensink_migrated] [http-nio-8081-exec-1] c.m.k.security.JwtRequestFilter          : JWT Token does not begin with Bearer String
2024-09-03T02:25:10.680+05:30  WARN 6540 --- [kitchensink_migrated] [http-nio-8081-exec-3] c.m.k.security.JwtRequestFilter          : JWT Token does not begin with Bearer String
2024-09-03T02:25:25.683+05:30  WARN 6540 --- [kitchensink_migrated] [http-nio-8081-exec-6] c.m.k.security.JwtRequestFilter          : JWT Token does not begin with Bearer String
2024-09-03T02:25:40.650+05:30  WARN 6540 --- [kitchensink_migrated] [http-nio-8081-exec-5] c.m.k.security.JwtRequestFilter          : JWT Token does not begin with Bearer String
2024-09-03T02:25:55.665+05:30  WARN 6540 --- [kitchensink_migrated] [http-nio-8081-exec-4] c.m.k.security.JwtRequestFilter          : JWT Token does not begin with Bearer String
2024-09-03T21:54:53.479+05:30  INFO 48364 --- [kitchensink_migrated] [main] c.m.k.KitchensinkMigratedApplication     : Starting KitchensinkMigratedApplication using Java 22.0.2 with PID 48364 (C:\Users\utkar\IdeaProjects\kitchensink_migrated1\target\classes started by utkar in C:\Users\utkar\IdeaProjects\kitchensink_migrated1)
2024-09-03T21:54:53.488+05:30  INFO 48364 --- [kitchensink_migrated] [main] c.m.k.KitchensinkMigratedApplication     : No active profile set, falling back to 1 default profile: "default"
2024-09-03T21:54:57.310+05:30  INFO 48364 --- [kitchensink_migrated] [main] .s.d.r.c.RepositoryConfigurationDelegate : Multiple Spring Data modules found, entering strict repository configuration mode
2024-09-03T21:54:57.315+05:30  INFO 48364 --- [kitchensink_migrated] [main] .s.d.r.c.RepositoryConfigurationDelegate : Bootstrapping Spring Data MongoDB repositories in DEFAULT mode.
2024-09-03T21:54:57.586+05:30  INFO 48364 --- [kitchensink_migrated] [main] .s.d.r.c.RepositoryConfigurationDelegate : Finished Spring Data repository scanning in 260 ms. Found 2 MongoDB repository interfaces.
2024-09-03T21:54:57.610+05:30  INFO 48364 --- [kitchensink_migrated] [main] .s.d.r.c.RepositoryConfigurationDelegate : Multiple Spring Data modules found, entering strict repository configuration mode
2024-09-03T21:54:57.613+05:30  INFO 48364 --- [kitchensink_migrated] [main] .s.d.r.c.RepositoryConfigurationDelegate : Bootstrapping Spring Data Redis repositories in DEFAULT mode.
2024-09-03T21:54:57.642+05:30  INFO 48364 --- [kitchensink_migrated] [main] .RepositoryConfigurationExtensionSupport : Spring Data Redis - Could not safely identify store assignment for repository candidate interface com.mongodb.kitchensink_migrated.repository.MemberRepository; If you want this repository to be a Redis repository, consider annotating your entities with one of these annotations: org.springframework.data.redis.core.RedisHash (preferred), or consider extending one of the following types with your repository: org.springframework.data.keyvalue.repository.KeyValueRepository
2024-09-03T21:54:57.644+05:30  INFO 48364 --- [kitchensink_migrated] [main] .RepositoryConfigurationExtensionSupport : Spring Data Redis - Could not safely identify store assignment for repository candidate interface com.mongodb.kitchensink_migrated.repository.UserRepository; If you want this repository to be a Redis repository, consider annotating your entities with one of these annotations: org.springframework.data.redis.core.RedisHash (preferred), or consider extending one of the following types with your repository: org.springframework.data.keyvalue.repository.KeyValueRepository
2024-09-03T21:54:57.645+05:30  INFO 48364 --- [kitchensink_migrated] [main] .s.d.r.c.RepositoryConfigurationDelegate : Finished Spring Data repository scanning in 9 ms. Found 0 Redis repository interfaces.
2024-09-03T21:54:58.530+05:30  INFO 48364 --- [kitchensink_migrated] [main] o.s.b.w.embedded.tomcat.TomcatWebServer  : Tomcat initialized with port 8081 (http)
2024-09-03T21:54:58.544+05:30  INFO 48364 --- [kitchensink_migrated] [main] o.apache.catalina.core.StandardService   : Starting service [Tomcat]
2024-09-03T21:54:58.544+05:30  INFO 48364 --- [kitchensink_migrated] [main] o.apache.catalina.core.StandardEngine    : Starting Servlet engine: [Apache Tomcat/10.1.26]
2024-09-03T21:54:58.605+05:30  INFO 48364 --- [kitchensink_migrated] [main] o.a.c.c.C.[Tomcat].[localhost].[/]       : Initializing Spring embedded WebApplicationContext
2024-09-03T21:54:58.606+05:30  INFO 48364 --- [kitchensink_migrated] [main] w.s.c.ServletWebServerApplicationContext : Root WebApplicationContext: initialization completed in 4924 ms
2024-09-03T21:54:59.037+05:30  INFO 48364 --- [kitchensink_migrated] [main] org.mongodb.driver.client                : MongoClient with metadata {"driver": {"name": "mongo-java-driver|sync|spring-boot", "version": "5.0.1"}, "os": {"type": "Windows", "name": "Windows 11", "architecture": "amd64", "version": "10.0"}, "platform": "Java/Oracle Corporation/22.0.2+9-70"} created with settings MongoClientSettings{readPreference=primary, writeConcern=WriteConcern{w=null, wTimeout=null ms, journal=null}, retryWrites=true, retryReads=true, readConcern=ReadConcern{level=null}, credential=null, transportSettings=null, commandListeners=[io.micrometer.core.instrument.binder.mongodb.MongoMetricsCommandListener@2d74cbbd], codecRegistry=ProvidersCodecRegistry{codecProviders=[ValueCodecProvider{}, BsonValueCodecProvider{}, DBRefCodecProvider{}, DBObjectCodecProvider{}, DocumentCodecProvider{}, CollectionCodecProvider{}, IterableCodecProvider{}, MapCodecProvider{}, GeoJsonCodecProvider{}, GridFSFileCodecProvider{}, Jsr310CodecProvider{}, JsonObjectCodecProvider{}, BsonCodecProvider{}, EnumCodecProvider{}, com.mongodb.client.model.mql.ExpressionCodecProvider@3e2d44f3, com.mongodb.Jep395RecordCodecProvider@23afc725, com.mongodb.KotlinCodecProvider@5d3f99d7]}, loggerSettings=LoggerSettings{maxDocumentLength=1000}, clusterSettings={hosts=[localhost:27017], srvServiceName=mongodb, mode=SINGLE, requiredClusterType=UNKNOWN, requiredReplicaSetName='null', serverSelector='null', clusterListeners='[]', serverSelectionTimeout='30000 ms', localThreshold='15 ms'}, socketSettings=SocketSettings{connectTimeoutMS=10000, readTimeoutMS=0, receiveBufferSize=0, proxySettings=ProxySettings{host=null, port=null, username=null, password=null}}, heartbeatSocketSettings=SocketSettings{connectTimeoutMS=10000, readTimeoutMS=10000, receiveBufferSize=0, proxySettings=ProxySettings{host=null, port=null, username=null, password=null}}, connectionPoolSettings=ConnectionPoolSettings{maxSize=100, minSize=0, maxWaitTimeMS=120000, maxConnectionLifeTimeMS=0, maxConnectionIdleTimeMS=0, maintenanceInitialDelayMS=0, maintenanceFrequencyMS=60000, connectionPoolListeners=[io.micrometer.core.instrument.binder.mongodb.MongoMetricsConnectionPoolListener@561d88ee], maxConnecting=2}, serverSettings=ServerSettings{heartbeatFrequencyMS=10000, minHeartbeatFrequencyMS=500, serverListeners='[]', serverMonitorListeners='[]'}, sslSettings=SslSettings{enabled=false, invalidHostNameAllowed=false, context=null}, applicationName='null', compressorList=[], uuidRepresentation=JAVA_LEGACY, serverApi=null, autoEncryptionSettings=null, dnsClient=null, inetAddressResolver=null, contextProvider=null}
2024-09-03T21:54:59.063+05:30  INFO 48364 --- [kitchensink_migrated] [cluster-ClusterId{value='66d7385a0637215274110296', description='null'}-localhost:27017] org.mongodb.driver.cluster               : Monitor thread successfully connected to server with description ServerDescription{address=localhost:27017, type=STANDALONE, state=CONNECTED, ok=true, minWireVersion=0, maxWireVersion=21, maxDocumentSize=16777216, logicalSessionTimeoutMinutes=30, roundTripTimeNanos=27119000}
2024-09-03T21:54:59.682+05:30  INFO 48364 --- [kitchensink_migrated] [main] r$InitializeUserDetailsManagerConfigurer : Global AuthenticationManager configured with UserDetailsService bean with name jwtUserDetailsService
2024-09-03T21:54:59.904+05:30  INFO 48364 --- [kitchensink_migrated] [main] o.s.b.a.w.s.WelcomePageHandlerMapping    : Adding welcome page template: index
2024-09-03T21:54:59.908+05:30  INFO 48364 --- [kitchensink_migrated] [main] c.m.k.controller.GlobalCorsConfig        : Configuring CORS mappings...
2024-09-03T21:54:59.911+05:30  INFO 48364 --- [kitchensink_migrated] [main] c.m.k.controller.GlobalCorsConfig        : CORS configuration applied. Allowed origins: http://localhost:8081
2024-09-03T21:55:00.483+05:30  INFO 48364 --- [kitchensink_migrated] [main] o.s.b.a.e.web.EndpointLinksResolver      : Exposing 16 endpoints beneath base path '/actuator'
2024-09-03T21:55:01.189+05:30  INFO 48364 --- [kitchensink_migrated] [main] o.s.b.w.embedded.tomcat.TomcatWebServer  : Tomcat started on port 8081 (http) with context path '/'
2024-09-03T21:55:01.196+05:30  INFO 48364 --- [kitchensink_migrated] [main] c.m.k.KitchensinkMigratedApplication     : Started KitchensinkMigratedApplication in 8.78 seconds (process running for 9.951)
2024-09-03T21:55:01.887+05:30  INFO 48364 --- [kitchensink_migrated] [RMI TCP Connection(2)-192.168.1.5] o.a.c.c.C.[Tomcat].[localhost].[/]       : Initializing Spring DispatcherServlet 'dispatcherServlet'
2024-09-03T21:55:01.888+05:30  INFO 48364 --- [kitchensink_migrated] [RMI TCP Connection(2)-192.168.1.5] o.s.web.servlet.DispatcherServlet        : Initializing Servlet 'dispatcherServlet'
2024-09-03T21:55:01.890+05:30  INFO 48364 --- [kitchensink_migrated] [RMI TCP Connection(2)-192.168.1.5] o.s.web.servlet.DispatcherServlet        : Completed initialization in 1 ms
2024-09-03T21:55:02.422+05:30  WARN 48364 --- [kitchensink_migrated] [boundedElastic-1] o.s.b.a.d.r.RedisReactiveHealthIndicator : Redis health check failed

org.springframework.data.redis.RedisConnectionFailureException: Unable to connect to Redis
	at org.springframework.data.redis.connection.lettuce.LettuceConnectionFactory$ExceptionTranslatingConnectionProvider.translateException(LettuceConnectionFactory.java:1847) ~[spring-data-redis-3.3.2.jar:3.3.2]
	at org.springframework.data.redis.connection.lettuce.LettuceConnectionFactory$ExceptionTranslatingConnectionProvider.getConnection(LettuceConnectionFactory.java:1778) ~[spring-data-redis-3.3.2.jar:3.3.2]
	at org.springframework.data.redis.connection.lettuce.LettuceConnectionFactory$SharedConnection.getNativeConnection(LettuceConnectionFactory.java:1580) ~[spring-data-redis-3.3.2.jar:3.3.2]
	at org.springframework.data.redis.connection.lettuce.LettuceConnectionFactory$SharedConnection.lambda$getConnection$0(LettuceConnectionFactory.java:1560) ~[spring-data-redis-3.3.2.jar:3.3.2]
	at org.springframework.data.redis.connection.lettuce.LettuceConnectionFactory.doInLock(LettuceConnectionFactory.java:1521) ~[spring-data-redis-3.3.2.jar:3.3.2]
	at org.springframework.data.redis.connection.lettuce.LettuceConnectionFactory$SharedConnection.getConnection(LettuceConnectionFactory.java:1557) ~[spring-data-redis-3.3.2.jar:3.3.2]
	at org.springframework.data.redis.connection.lettuce.LettuceConnectionFactory.getSharedReactiveConnection(LettuceConnectionFactory.java:1268) ~[spring-data-redis-3.3.2.jar:3.3.2]
	at org.springframework.data.redis.connection.lettuce.LettuceConnectionFactory.getReactiveConnection(LettuceConnectionFactory.java:1143) ~[spring-data-redis-3.3.2.jar:3.3.2]
	at org.springframework.data.redis.connection.lettuce.LettuceConnectionFactory.getReactiveConnection(LettuceConnectionFactory.java:119) ~[spring-data-redis-3.3.2.jar:3.3.2]
	at reactor.core.publisher.MonoSupplier.call(MonoSupplier.java:67) ~[reactor-core-3.6.8.jar:3.6.8]
	at reactor.core.publisher.FluxSubscribeOnCallable$CallableSubscribeOnSubscription.run(FluxSubscribeOnCallable.java:228) ~[reactor-core-3.6.8.jar:3.6.8]
	at reactor.core.scheduler.SchedulerTask.call(SchedulerTask.java:68) ~[reactor-core-3.6.8.jar:3.6.8]
	at reactor.core.scheduler.SchedulerTask.call(SchedulerTask.java:28) ~[reactor-core-3.6.8.jar:3.6.8]
	at java.base/java.util.concurrent.FutureTask.run(FutureTask.java:317) ~[na:na]
	at java.base/java.util.concurrent.ScheduledThreadPoolExecutor$ScheduledFutureTask.run(ScheduledThreadPoolExecutor.java:304) ~[na:na]
	at java.base/java.util.concurrent.ThreadPoolExecutor.runWorker(ThreadPoolExecutor.java:1144) ~[na:na]
	at java.base/java.util.concurrent.ThreadPoolExecutor$Worker.run(ThreadPoolExecutor.java:642) ~[na:na]
	at java.base/java.lang.Thread.run(Thread.java:1570) ~[na:na]
Caused by: io.lettuce.core.RedisConnectionException: Unable to connect to localhost/<unresolved>:6379
	at io.lettuce.core.RedisConnectionException.create(RedisConnectionException.java:78) ~[lettuce-core-6.3.2.RELEASE.jar:6.3.2.RELEASE/8941aea]
	at io.lettuce.core.RedisConnectionException.create(RedisConnectionException.java:56) ~[lettuce-core-6.3.2.RELEASE.jar:6.3.2.RELEASE/8941aea]
	at io.lettuce.core.AbstractRedisClient.getConnection(AbstractRedisClient.java:350) ~[lettuce-core-6.3.2.RELEASE.jar:6.3.2.RELEASE/8941aea]
	at io.lettuce.core.RedisClient.connect(RedisClient.java:215) ~[lettuce-core-6.3.2.RELEASE.jar:6.3.2.RELEASE/8941aea]
	at org.springframework.data.redis.connection.lettuce.StandaloneConnectionProvider.lambda$getConnection$1(StandaloneConnectionProvider.java:112) ~[spring-data-redis-3.3.2.jar:3.3.2]
	at java.base/java.util.Optional.orElseGet(Optional.java:364) ~[na:na]
	at org.springframework.data.redis.connection.lettuce.StandaloneConnectionProvider.getConnection(StandaloneConnectionProvider.java:112) ~[spring-data-redis-3.3.2.jar:3.3.2]
	at org.springframework.data.redis.connection.lettuce.LettuceConnectionFactory$ExceptionTranslatingConnectionProvider.getConnection(LettuceConnectionFactory.java:1776) ~[spring-data-redis-3.3.2.jar:3.3.2]
	... 16 common frames omitted
Caused by: io.netty.channel.AbstractChannel$AnnotatedConnectException: Connection refused: getsockopt: localhost/127.0.0.1:6379
Caused by: java.net.ConnectException: Connection refused: getsockopt
	at java.base/sun.nio.ch.Net.pollConnect(Native Method) ~[na:na]
	at java.base/sun.nio.ch.Net.pollConnectNow(Net.java:682) ~[na:na]
	at java.base/sun.nio.ch.SocketChannelImpl.finishConnect(SocketChannelImpl.java:1060) ~[na:na]
	at io.netty.channel.socket.nio.NioSocketChannel.doFinishConnect(NioSocketChannel.java:336) ~[netty-transport-4.1.111.Final.jar:4.1.111.Final]
	at io.netty.channel.nio.AbstractNioChannel$AbstractNioUnsafe.finishConnect(AbstractNioChannel.java:339) ~[netty-transport-4.1.111.Final.jar:4.1.111.Final]
	at io.netty.channel.nio.NioEventLoop.processSelectedKey(NioEventLoop.java:776) ~[netty-transport-4.1.111.Final.jar:4.1.111.Final]
	at io.netty.channel.nio.NioEventLoop.processSelectedKeysOptimized(NioEventLoop.java:724) ~[netty-transport-4.1.111.Final.jar:4.1.111.Final]
	at io.netty.channel.nio.NioEventLoop.processSelectedKeys(NioEventLoop.java:650) ~[netty-transport-4.1.111.Final.jar:4.1.111.Final]
	at io.netty.channel.nio.NioEventLoop.run(NioEventLoop.java:562) ~[netty-transport-4.1.111.Final.jar:4.1.111.Final]
	at io.netty.util.concurrent.SingleThreadEventExecutor$4.run(SingleThreadEventExecutor.java:994) ~[netty-common-4.1.111.Final.jar:4.1.111.Final]
	at io.netty.util.internal.ThreadExecutorMap$2.run(ThreadExecutorMap.java:74) ~[netty-common-4.1.111.Final.jar:4.1.111.Final]
	at io.netty.util.concurrent.FastThreadLocalRunnable.run(FastThreadLocalRunnable.java:30) ~[netty-common-4.1.111.Final.jar:4.1.111.Final]
	at java.base/java.lang.Thread.run(Thread.java:1570) ~[na:na]

2024-09-03T21:55:46.551+05:30  INFO 6768 --- [kitchensink_migrated] [main] c.m.k.KitchensinkMigratedApplication     : Starting KitchensinkMigratedApplication using Java 22.0.2 with PID 6768 (C:\Users\utkar\IdeaProjects\kitchensink_migrated1\target\classes started by utkar in C:\Users\utkar\IdeaProjects\kitchensink_migrated1)
2024-09-03T21:55:46.555+05:30  INFO 6768 --- [kitchensink_migrated] [main] c.m.k.KitchensinkMigratedApplication     : No active profile set, falling back to 1 default profile: "default"
2024-09-03T21:55:47.992+05:30  INFO 6768 --- [kitchensink_migrated] [main] .s.d.r.c.RepositoryConfigurationDelegate : Multiple Spring Data modules found, entering strict repository configuration mode
2024-09-03T21:55:47.993+05:30  INFO 6768 --- [kitchensink_migrated] [main] .s.d.r.c.RepositoryConfigurationDelegate : Bootstrapping Spring Data MongoDB repositories in DEFAULT mode.
2024-09-03T21:55:48.141+05:30  INFO 6768 --- [kitchensink_migrated] [main] .s.d.r.c.RepositoryConfigurationDelegate : Finished Spring Data repository scanning in 142 ms. Found 2 MongoDB repository interfaces.
2024-09-03T21:55:48.153+05:30  INFO 6768 --- [kitchensink_migrated] [main] .s.d.r.c.RepositoryConfigurationDelegate : Multiple Spring Data modules found, entering strict repository configuration mode
2024-09-03T21:55:48.154+05:30  INFO 6768 --- [kitchensink_migrated] [main] .s.d.r.c.RepositoryConfigurationDelegate : Bootstrapping Spring Data Redis repositories in DEFAULT mode.
2024-09-03T21:55:48.165+05:30  INFO 6768 --- [kitchensink_migrated] [main] .RepositoryConfigurationExtensionSupport : Spring Data Redis - Could not safely identify store assignment for repository candidate interface com.mongodb.kitchensink_migrated.repository.MemberRepository; If you want this repository to be a Redis repository, consider annotating your entities with one of these annotations: org.springframework.data.redis.core.RedisHash (preferred), or consider extending one of the following types with your repository: org.springframework.data.keyvalue.repository.KeyValueRepository
2024-09-03T21:55:48.166+05:30  INFO 6768 --- [kitchensink_migrated] [main] .RepositoryConfigurationExtensionSupport : Spring Data Redis - Could not safely identify store assignment for repository candidate interface com.mongodb.kitchensink_migrated.repository.UserRepository; If you want this repository to be a Redis repository, consider annotating your entities with one of these annotations: org.springframework.data.redis.core.RedisHash (preferred), or consider extending one of the following types with your repository: org.springframework.data.keyvalue.repository.KeyValueRepository
2024-09-03T21:55:48.166+05:30  INFO 6768 --- [kitchensink_migrated] [main] .s.d.r.c.RepositoryConfigurationDelegate : Finished Spring Data repository scanning in 5 ms. Found 0 Redis repository interfaces.
2024-09-03T21:55:48.699+05:30  INFO 6768 --- [kitchensink_migrated] [main] o.s.b.w.embedded.tomcat.TomcatWebServer  : Tomcat initialized with port 8081 (http)
2024-09-03T21:55:48.711+05:30  INFO 6768 --- [kitchensink_migrated] [main] o.apache.catalina.core.StandardService   : Starting service [Tomcat]
2024-09-03T21:55:48.711+05:30  INFO 6768 --- [kitchensink_migrated] [main] o.apache.catalina.core.StandardEngine    : Starting Servlet engine: [Apache Tomcat/10.1.26]
2024-09-03T21:55:48.790+05:30  INFO 6768 --- [kitchensink_migrated] [main] o.a.c.c.C.[Tomcat].[localhost].[/]       : Initializing Spring embedded WebApplicationContext
2024-09-03T21:55:48.791+05:30  INFO 6768 --- [kitchensink_migrated] [main] w.s.c.ServletWebServerApplicationContext : Root WebApplicationContext: initialization completed in 2163 ms
2024-09-03T21:55:49.131+05:30  INFO 6768 --- [kitchensink_migrated] [main] org.mongodb.driver.client                : MongoClient with metadata {"driver": {"name": "mongo-java-driver|sync|spring-boot", "version": "5.0.1"}, "os": {"type": "Windows", "name": "Windows 11", "architecture": "amd64", "version": "10.0"}, "platform": "Java/Oracle Corporation/22.0.2+9-70"} created with settings MongoClientSettings{readPreference=primary, writeConcern=WriteConcern{w=null, wTimeout=null ms, journal=null}, retryWrites=true, retryReads=true, readConcern=ReadConcern{level=null}, credential=null, transportSettings=null, commandListeners=[io.micrometer.core.instrument.binder.mongodb.MongoMetricsCommandListener@64fdcf99], codecRegistry=ProvidersCodecRegistry{codecProviders=[ValueCodecProvider{}, BsonValueCodecProvider{}, DBRefCodecProvider{}, DBObjectCodecProvider{}, DocumentCodecProvider{}, CollectionCodecProvider{}, IterableCodecProvider{}, MapCodecProvider{}, GeoJsonCodecProvider{}, GridFSFileCodecProvider{}, Jsr310CodecProvider{}, JsonObjectCodecProvider{}, BsonCodecProvider{}, EnumCodecProvider{}, com.mongodb.client.model.mql.ExpressionCodecProvider@9f0fc36, com.mongodb.Jep395RecordCodecProvider@63f2e0b, com.mongodb.KotlinCodecProvider@5a06904]}, loggerSettings=LoggerSettings{maxDocumentLength=1000}, clusterSettings={hosts=[localhost:27017], srvServiceName=mongodb, mode=SINGLE, requiredClusterType=UNKNOWN, requiredReplicaSetName='null', serverSelector='null', clusterListeners='[]', serverSelectionTimeout='30000 ms', localThreshold='15 ms'}, socketSettings=SocketSettings{connectTimeoutMS=10000, readTimeoutMS=0, receiveBufferSize=0, proxySettings=ProxySettings{host=null, port=null, username=null, password=null}}, heartbeatSocketSettings=SocketSettings{connectTimeoutMS=10000, readTimeoutMS=10000, receiveBufferSize=0, proxySettings=ProxySettings{host=null, port=null, username=null, password=null}}, connectionPoolSettings=ConnectionPoolSettings{maxSize=100, minSize=0, maxWaitTimeMS=120000, maxConnectionLifeTimeMS=0, maxConnectionIdleTimeMS=0, maintenanceInitialDelayMS=0, maintenanceFrequencyMS=60000, connectionPoolListeners=[io.micrometer.core.instrument.binder.mongodb.MongoMetricsConnectionPoolListener@fabef2e], maxConnecting=2}, serverSettings=ServerSettings{heartbeatFrequencyMS=10000, minHeartbeatFrequencyMS=500, serverListeners='[]', serverMonitorListeners='[]'}, sslSettings=SslSettings{enabled=false, invalidHostNameAllowed=false, context=null}, applicationName='null', compressorList=[], uuidRepresentation=JAVA_LEGACY, serverApi=null, autoEncryptionSettings=null, dnsClient=null, inetAddressResolver=null, contextProvider=null}
2024-09-03T21:55:49.142+05:30  INFO 6768 --- [kitchensink_migrated] [cluster-ClusterId{value='66d7388d5e8fee1c5ad140a4', description='null'}-localhost:27017] org.mongodb.driver.cluster               : Monitor thread successfully connected to server with description ServerDescription{address=localhost:27017, type=STANDALONE, state=CONNECTED, ok=true, minWireVersion=0, maxWireVersion=21, maxDocumentSize=16777216, logicalSessionTimeoutMinutes=30, roundTripTimeNanos=19571500}
2024-09-03T21:55:49.554+05:30  INFO 6768 --- [kitchensink_migrated] [main] r$InitializeUserDetailsManagerConfigurer : Global AuthenticationManager configured with UserDetailsService bean with name jwtUserDetailsService
2024-09-03T21:55:49.668+05:30  INFO 6768 --- [kitchensink_migrated] [main] o.s.b.a.w.s.WelcomePageHandlerMapping    : Adding welcome page template: index
2024-09-03T21:55:49.672+05:30  INFO 6768 --- [kitchensink_migrated] [main] c.m.k.controller.GlobalCorsConfig        : Configuring CORS mappings...
2024-09-03T21:55:49.673+05:30  INFO 6768 --- [kitchensink_migrated] [main] c.m.k.controller.GlobalCorsConfig        : CORS configuration applied. Allowed origins: http://localhost:8081
2024-09-03T21:55:50.078+05:30  INFO 6768 --- [kitchensink_migrated] [main] o.s.b.a.e.web.EndpointLinksResolver      : Exposing 16 endpoints beneath base path '/actuator'
2024-09-03T21:55:50.526+05:30  INFO 6768 --- [kitchensink_migrated] [main] o.s.b.w.embedded.tomcat.TomcatWebServer  : Tomcat started on port 8081 (http) with context path '/'
2024-09-03T21:55:50.534+05:30  INFO 6768 --- [kitchensink_migrated] [main] c.m.k.KitchensinkMigratedApplication     : Started KitchensinkMigratedApplication in 4.51 seconds (process running for 5.427)
2024-09-03T21:55:50.881+05:30  INFO 6768 --- [kitchensink_migrated] [RMI TCP Connection(2)-192.168.1.5] o.a.c.c.C.[Tomcat].[localhost].[/]       : Initializing Spring DispatcherServlet 'dispatcherServlet'
2024-09-03T21:55:50.884+05:30  INFO 6768 --- [kitchensink_migrated] [RMI TCP Connection(2)-192.168.1.5] o.s.web.servlet.DispatcherServlet        : Initializing Servlet 'dispatcherServlet'
2024-09-03T21:55:50.890+05:30  INFO 6768 --- [kitchensink_migrated] [RMI TCP Connection(2)-192.168.1.5] o.s.web.servlet.DispatcherServlet        : Completed initialization in 4 ms
2024-09-03T21:55:51.362+05:30  WARN 6768 --- [kitchensink_migrated] [boundedElastic-1] o.s.b.a.d.r.RedisReactiveHealthIndicator : Redis health check failed

org.springframework.data.redis.RedisConnectionFailureException: Unable to connect to Redis
	at org.springframework.data.redis.connection.lettuce.LettuceConnectionFactory$ExceptionTranslatingConnectionProvider.translateException(LettuceConnectionFactory.java:1847) ~[spring-data-redis-3.3.2.jar:3.3.2]
	at org.springframework.data.redis.connection.lettuce.LettuceConnectionFactory$ExceptionTranslatingConnectionProvider.getConnection(LettuceConnectionFactory.java:1778) ~[spring-data-redis-3.3.2.jar:3.3.2]
	at org.springframework.data.redis.connection.lettuce.LettuceConnectionFactory$SharedConnection.getNativeConnection(LettuceConnectionFactory.java:1580) ~[spring-data-redis-3.3.2.jar:3.3.2]
	at org.springframework.data.redis.connection.lettuce.LettuceConnectionFactory$SharedConnection.lambda$getConnection$0(LettuceConnectionFactory.java:1560) ~[spring-data-redis-3.3.2.jar:3.3.2]
	at org.springframework.data.redis.connection.lettuce.LettuceConnectionFactory.doInLock(LettuceConnectionFactory.java:1521) ~[spring-data-redis-3.3.2.jar:3.3.2]
	at org.springframework.data.redis.connection.lettuce.LettuceConnectionFactory$SharedConnection.getConnection(LettuceConnectionFactory.java:1557) ~[spring-data-redis-3.3.2.jar:3.3.2]
	at org.springframework.data.redis.connection.lettuce.LettuceConnectionFactory.getSharedReactiveConnection(LettuceConnectionFactory.java:1268) ~[spring-data-redis-3.3.2.jar:3.3.2]
	at org.springframework.data.redis.connection.lettuce.LettuceConnectionFactory.getReactiveConnection(LettuceConnectionFactory.java:1143) ~[spring-data-redis-3.3.2.jar:3.3.2]
	at org.springframework.data.redis.connection.lettuce.LettuceConnectionFactory.getReactiveConnection(LettuceConnectionFactory.java:119) ~[spring-data-redis-3.3.2.jar:3.3.2]
	at reactor.core.publisher.MonoSupplier.call(MonoSupplier.java:67) ~[reactor-core-3.6.8.jar:3.6.8]
	at reactor.core.publisher.FluxSubscribeOnCallable$CallableSubscribeOnSubscription.run(FluxSubscribeOnCallable.java:228) ~[reactor-core-3.6.8.jar:3.6.8]
	at reactor.core.scheduler.SchedulerTask.call(SchedulerTask.java:68) ~[reactor-core-3.6.8.jar:3.6.8]
	at reactor.core.scheduler.SchedulerTask.call(SchedulerTask.java:28) ~[reactor-core-3.6.8.jar:3.6.8]
	at java.base/java.util.concurrent.FutureTask.run(FutureTask.java:317) ~[na:na]
	at java.base/java.util.concurrent.ScheduledThreadPoolExecutor$ScheduledFutureTask.run(ScheduledThreadPoolExecutor.java:304) ~[na:na]
	at java.base/java.util.concurrent.ThreadPoolExecutor.runWorker(ThreadPoolExecutor.java:1144) ~[na:na]
	at java.base/java.util.concurrent.ThreadPoolExecutor$Worker.run(ThreadPoolExecutor.java:642) ~[na:na]
	at java.base/java.lang.Thread.run(Thread.java:1570) ~[na:na]
Caused by: io.lettuce.core.RedisConnectionException: Unable to connect to localhost/<unresolved>:6379
	at io.lettuce.core.RedisConnectionException.create(RedisConnectionException.java:78) ~[lettuce-core-6.3.2.RELEASE.jar:6.3.2.RELEASE/8941aea]
	at io.lettuce.core.RedisConnectionException.create(RedisConnectionException.java:56) ~[lettuce-core-6.3.2.RELEASE.jar:6.3.2.RELEASE/8941aea]
	at io.lettuce.core.AbstractRedisClient.getConnection(AbstractRedisClient.java:350) ~[lettuce-core-6.3.2.RELEASE.jar:6.3.2.RELEASE/8941aea]
	at io.lettuce.core.RedisClient.connect(RedisClient.java:215) ~[lettuce-core-6.3.2.RELEASE.jar:6.3.2.RELEASE/8941aea]
	at org.springframework.data.redis.connection.lettuce.StandaloneConnectionProvider.lambda$getConnection$1(StandaloneConnectionProvider.java:112) ~[spring-data-redis-3.3.2.jar:3.3.2]
	at java.base/java.util.Optional.orElseGet(Optional.java:364) ~[na:na]
	at org.springframework.data.redis.connection.lettuce.StandaloneConnectionProvider.getConnection(StandaloneConnectionProvider.java:112) ~[spring-data-redis-3.3.2.jar:3.3.2]
	at org.springframework.data.redis.connection.lettuce.LettuceConnectionFactory$ExceptionTranslatingConnectionProvider.getConnection(LettuceConnectionFactory.java:1776) ~[spring-data-redis-3.3.2.jar:3.3.2]
	... 16 common frames omitted
Caused by: io.netty.channel.AbstractChannel$AnnotatedConnectException: Connection refused: getsockopt: localhost/127.0.0.1:6379
Caused by: java.net.ConnectException: Connection refused: getsockopt
	at java.base/sun.nio.ch.Net.pollConnect(Native Method) ~[na:na]
	at java.base/sun.nio.ch.Net.pollConnectNow(Net.java:682) ~[na:na]
	at java.base/sun.nio.ch.SocketChannelImpl.finishConnect(SocketChannelImpl.java:1060) ~[na:na]
	at io.netty.channel.socket.nio.NioSocketChannel.doFinishConnect(NioSocketChannel.java:336) ~[netty-transport-4.1.111.Final.jar:4.1.111.Final]
	at io.netty.channel.nio.AbstractNioChannel$AbstractNioUnsafe.finishConnect(AbstractNioChannel.java:339) ~[netty-transport-4.1.111.Final.jar:4.1.111.Final]
	at io.netty.channel.nio.NioEventLoop.processSelectedKey(NioEventLoop.java:776) ~[netty-transport-4.1.111.Final.jar:4.1.111.Final]
	at io.netty.channel.nio.NioEventLoop.processSelectedKeysOptimized(NioEventLoop.java:724) ~[netty-transport-4.1.111.Final.jar:4.1.111.Final]
	at io.netty.channel.nio.NioEventLoop.processSelectedKeys(NioEventLoop.java:650) ~[netty-transport-4.1.111.Final.jar:4.1.111.Final]
	at io.netty.channel.nio.NioEventLoop.run(NioEventLoop.java:562) ~[netty-transport-4.1.111.Final.jar:4.1.111.Final]
	at io.netty.util.concurrent.SingleThreadEventExecutor$4.run(SingleThreadEventExecutor.java:994) ~[netty-common-4.1.111.Final.jar:4.1.111.Final]
	at io.netty.util.internal.ThreadExecutorMap$2.run(ThreadExecutorMap.java:74) ~[netty-common-4.1.111.Final.jar:4.1.111.Final]
	at io.netty.util.concurrent.FastThreadLocalRunnable.run(FastThreadLocalRunnable.java:30) ~[netty-common-4.1.111.Final.jar:4.1.111.Final]
	at java.base/java.lang.Thread.run(Thread.java:1570) ~[na:na]

2024-09-03T21:57:14.658+05:30  WARN 6768 --- [kitchensink_migrated] [http-nio-8081-exec-1] c.m.k.security.JwtRequestFilter          : JWT Token does not begin with Bearer String
2024-09-03T21:57:14.907+05:30  INFO 6768 --- [kitchensink_migrated] [http-nio-8081-exec-1] c.m.k.controller.LoginController         : Accessing login page
2024-09-03T21:57:18.887+05:30  WARN 6768 --- [kitchensink_migrated] [http-nio-8081-exec-9] c.m.k.security.JwtRequestFilter          : JWT Token does not begin with Bearer String
2024-09-03T21:57:23.078+05:30  WARN 6768 --- [kitchensink_migrated] [http-nio-8081-exec-4] c.m.k.security.JwtRequestFilter          : JWT Token has expired
2024-09-03T21:57:23.220+05:30  INFO 6768 --- [kitchensink_migrated] [http-nio-8081-exec-4] c.m.k.c.AuthenticationController         : Authentication request received for username: ukaaaa
2024-09-03T21:57:23.349+05:30  INFO 6768 --- [kitchensink_migrated] [http-nio-8081-exec-4] c.m.k.service.JwtUserDetailsService      : Attempting to load user by username: ukaaaa
2024-09-03T21:57:23.684+05:30  INFO 6768 --- [kitchensink_migrated] [http-nio-8081-exec-4] c.m.k.service.JwtUserDetailsService      : User found with username: ukaaaa
2024-09-03T21:57:23.801+05:30  INFO 6768 --- [kitchensink_migrated] [http-nio-8081-exec-4] c.m.k.service.JwtUserDetailsService      : Attempting to load user by username: ukaaaa
2024-09-03T21:57:23.808+05:30  INFO 6768 --- [kitchensink_migrated] [http-nio-8081-exec-4] c.m.k.service.JwtUserDetailsService      : User found with username: ukaaaa
2024-09-03T21:57:23.825+05:30  INFO 6768 --- [kitchensink_migrated] [http-nio-8081-exec-4] c.m.k.c.AuthenticationController         : Authentication successful for username: ukaaaa
2024-09-03T21:57:23.880+05:30  WARN 6768 --- [kitchensink_migrated] [http-nio-8081-exec-5] c.m.k.security.JwtRequestFilter          : JWT Token does not begin with Bearer String
2024-09-03T21:57:23.888+05:30  INFO 6768 --- [kitchensink_migrated] [http-nio-8081-exec-5] c.m.k.controller.LoginController         : Accessing user list page
2024-09-03T21:57:24.102+05:30  INFO 6768 --- [kitchensink_migrated] [http-nio-8081-exec-6] c.m.k.service.JwtUserDetailsService      : Attempting to load user by username: ukaaaa
2024-09-03T21:57:24.115+05:30  INFO 6768 --- [kitchensink_migrated] [http-nio-8081-exec-6] c.m.k.service.JwtUserDetailsService      : User found with username: ukaaaa
2024-09-03T21:57:24.143+05:30  WARN 6768 --- [kitchensink_migrated] [http-nio-8081-exec-2] c.m.k.security.JwtRequestFilter          : JWT Token does not begin with Bearer String
2024-09-03T21:57:24.144+05:30  INFO 6768 --- [kitchensink_migrated] [http-nio-8081-exec-6] c.m.k.controller.MemberController        : Fetching all members
2024-09-03T21:57:24.148+05:30  INFO 6768 --- [kitchensink_migrated] [http-nio-8081-exec-6] c.m.k.service.MemberService              : Fetching all members
2024-09-03T21:57:24.198+05:30  INFO 6768 --- [kitchensink_migrated] [http-nio-8081-exec-6] c.m.k.controller.MemberController        : Number of members found: 7
2024-09-03T21:57:27.577+05:30  WARN 6768 --- [kitchensink_migrated] [http-nio-8081-exec-3] c.m.k.security.JwtRequestFilter          : JWT Token does not begin with Bearer String
2024-09-03T21:57:27.645+05:30  INFO 6768 --- [kitchensink_migrated] [http-nio-8081-exec-7] c.m.k.service.JwtUserDetailsService      : Attempting to load user by username: ukaaaa
2024-09-03T21:57:27.650+05:30  WARN 6768 --- [kitchensink_migrated] [http-nio-8081-exec-1] c.m.k.security.JwtRequestFilter          : JWT Token does not begin with Bearer String
2024-09-03T21:57:27.653+05:30  INFO 6768 --- [kitchensink_migrated] [http-nio-8081-exec-7] c.m.k.service.JwtUserDetailsService      : User found with username: ukaaaa
2024-09-03T21:57:27.668+05:30  INFO 6768 --- [kitchensink_migrated] [http-nio-8081-exec-7] c.m.k.controller.MemberController        : Fetching member with ID: 1
2024-09-03T21:57:27.669+05:30  INFO 6768 --- [kitchensink_migrated] [http-nio-8081-exec-7] c.m.k.service.MemberService              : Finding member by ID: 1
2024-09-03T21:57:27.739+05:30  INFO 6768 --- [kitchensink_migrated] [http-nio-8081-exec-7] c.m.k.controller.MemberController        : Member found: utkarshjha4@gmail.com
